782401_A1	OphioH327chr_2	1	0
785401_U	OphioH327chr_2	0	1
04_51_A2	OphioH327chr_2	1	0
04_52_A2	OphioH327chr_2	1	0
04_54_A2	OphioH327chr_2	1	0
04_544_A2	OphioH327chr_2	1	0
04_55_A1	OphioH327chr_2	1	0
04_56_A2	OphioH327chr_2	1	0
04_58_A2	OphioH327chr_2	1	0
04_65_A2	OphioH327chr_2	1	0
AT146_N	OphioH327chr_2	1	0
AT83_N	OphioH327chr_2	1	0
BP14_N	OphioH327chr_2	1	0
BP18_A1	OphioH327chr_2	1	0
C115_A2	OphioH327chr_2	1	0
C510_A2	OphioH327chr_2	1	0
C511_A2	OphioH327chr_2	1	0
C513_A2	OphioH327chr_2	1	0
C514_A2	OphioH327chr_2	1	0
CKT4_N	OphioH327chr_2	1	0
DDS100_A1	OphioH327chr_2	0.649	0.351
DDS154_A2	OphioH327chr_2	1	0
DDS170_A2	OphioH327chr_2	0.646	0.354
DDS202_A2	OphioH327chr_2	1	0
DDS239_A1	OphioH327chr_2	1	0
DDS241_A1	OphioH327chr_2	0.6496	0.3504
DDS25_A2	OphioH327chr_2	0.645	0.355
DDS257_N	OphioH327chr_2	1	0
DDS296_A2	OphioH327chr_2	1	0
DDS298_A2	OphioH327chr_2	0.742	0.258
DDS81_A1	OphioH327chr_2	1	0
DDS82_A2	OphioH327chr_2	1	0
DDS93_A1	OphioH327chr_2	0.74	0.26
ES130_A1	OphioH327chr_2	1	0
H1018_U	OphioH327chr_2	0	1
H1021_U	OphioH327chr_2	0	1
H1022_U	OphioH327chr_2	0	1
H1096_U	OphioH327chr_2	0.001	0.999
H2062_U	OphioH327chr_2	0	1
H2083_A2	OphioH327chr_2	1	0
H2086_A2	OphioH327chr_2	1	0
H2091_A1	OphioH327chr_2	0.0021	0.9979
H2095_A1	OphioH327chr_2	1	0
H2098_A2	OphioH327chr_2	0	1
H234D_A1	OphioH327chr_2	1	0
H239_A2	OphioH327chr_2	1	0
H248_A2	OphioH327chr_2	1	0
H260_N	OphioH327chr_2	1	0
H276_N	OphioH327chr_2	1	0
H294_N	OphioH327chr_2	1	0
H295_A1	OphioH327chr_2	1	0
H312_A1	OphioH327chr_2	1	0
H323_N	OphioH327chr_2	1	0
H328_N	OphioH327chr_2	0.986	0.014
H332_N	OphioH327chr_2	1	0
H337_U	OphioH327chr_2	0	1
H340_A1	OphioH327chr_2	1	0
H346_N	OphioH327chr_2	1	0
H359_U	OphioH327chr_2	0	1
H371_N	OphioH327chr_2	1	0
H379_U	OphioH327chr_2	0	1
H413a_N	OphioH327chr_2	0.695	0.305
H618_A1	OphioH327chr_2	1	0
H623_A1	OphioH327chr_2	1	0
H648_N	OphioH327chr_2	1	0
H649_U	OphioH327chr_2	0	1
H809_U	OphioH327chr_2	0	1
H864_U	OphioH327chr_2	0	1
H868_U	OphioH327chr_2	0	1
H871_U	OphioH327chr_2	0	1
H872_U	OphioH327chr_2	0	1
H873_U	OphioH327chr_2	0	1
H909_U	OphioH327chr_2	0	1
H924_U	OphioH327chr_2	0	1
H986_N	OphioH327chr_2	1	0
I131_U	OphioH327chr_2	0	1
I185_U	OphioH327chr_2	0.001	0.999
NZFS184C_A1	OphioH327chr_2	1	0
NZFS601_A1	OphioH327chr_2	1	0
P114_N	OphioH327chr_2	1	0
P122_N	OphioH327chr_2	1	0
PG40_U	OphioH327chr_2	0	1
R108_N	OphioH327chr_2	1	0
R22_N	OphioH327chr_2	1	0
R69_N	OphioH327chr_2	1	0
TB2_A2	OphioH327chr_2	1	0
TB5_A2	OphioH327chr_2	1	0
TR67_N	OphioH327chr_2	1	0
TR88_N	OphioH327chr_2	1	0
US137_A1	OphioH327chr_2	0.79	0.21
V14_N	OphioH327chr_2	1	0
V19_N	OphioH327chr_2	1	0
Yu141_N	OphioH327chr_2	1	0
Yu16_N	OphioH327chr_2	0	1
