#topo1 (H,(((A1,A2),N),U));
#topo2 (H,(((A1,A2),U),N));
#topo3 (H,((A1,A2),(N,U)));
#topo4 (H,(((A1,N),A2),U));
#topo5 (H,(((A1,N),U),A2));
#topo6 (H,((A1,N),(A2,U)));
#topo7 (H,(((A1,U),A2),N));
#topo8 (H,(((A1,U),N),A2));
#topo9 (H,((A1,U),(A2,N)));
#topo10 (H,(A1,(A2,(N,U))));
#topo11 (H,(A1,(N,(A2,U))));
#topo12 (H,(A1,(U,(A2,N))));
#topo13 (H,((A1,(A2,N)),U));
#topo14 (H,((A1,(A2,U)),N));
#topo15 (H,(A2,(A1,(N,U))));
topo1	topo2	topo3	topo4	topo5	topo6	topo7	topo8	topo9	topo10	topo11	topo12	topo13	topo14	topo15
123228	0	163800	152460	0	0	0	0	0	0	0	0	445032	0	0
683928	0	163800	34713	0	0	0	0	0	0	0	0	2079	0	0
674856	0	163800	34776	0	0	0	0	0	0	0	0	11088	0	0
311598	0	196560	45423	0	0	0	0	0	0	0	0	330939	0	0
126	192717	79758	882	34650	0	418950	0	0	3402	0	1134	378	10773	141750
547974	0	167076	35910	0	0	0	0	103194	0	0	0	882	0	29484
684054	0	163800	34650	0	0	0	0	0	0	0	0	2016	0	0
675297	0	163800	34713	0	0	0	0	0	0	0	0	10710	0	0
652302	0	163800	39753	0	0	0	0	0	0	0	0	28665	0	0
47628	0	753480	43848	0	0	0	0	0	0	0	0	39564	0	0
813393	0	0	37107	0	0	0	0	0	0	0	0	34020	0	0
810243	0	0	45864	0	0	0	0	0	0	0	0	28413	0	0
141372	22932	22932	10836	8190	13104	26208	6552	301392	16380	3276	188370	111510	0	11466
12411	720720	65520	57456	0	0	0	0	0	0	0	0	28413	0	0
799974	0	0	48258	0	0	0	0	0	0	0	0	36288	0	0
760977	0	0	43029	0	0	0	0	0	0	0	0	80514	0	0
805896	0	0	41895	0	0	0	0	0	0	0	0	36729	0	0
768600	0	0	85869	0	0	0	0	0	0	0	0	30051	0	0
801423	0	0	53928	0	0	0	0	0	0	0	0	29169	0	0
802431	0	0	45927	0	0	0	0	0	0	0	0	36162	0	0
213129	0	0	52605	0	0	0	0	0	0	0	0	618786	0	0
296289	0	0	179172	0	0	0	0	0	0	0	0	409059	0	0
720405	0	0	124425	0	0	0	0	0	0	0	0	39690	0	0
303708	72	14421	341007	3204	1596	12	96	132	1311	0	7866	200607	0	10488
72093	104832	29400	214137	504	30240	0	8064	1008	0	385056	16128	14994	4032	4032
802242	0	0	43470	0	0	0	0	0	0	0	0	38808	0	0
812448	0	0	13230	0	0	0	0	0	0	0	0	58842	0	0
188811	0	0	657405	0	0	0	0	0	0	0	0	38304	0	0
769986	0	0	83538	0	0	0	0	0	0	0	0	30996	0	0
767718	0	0	76104	0	0	0	0	0	0	0	0	40698	0	0
767718	0	0	83790	0	0	0	0	0	0	0	0	33012	0	0
767907	0	0	87696	0	0	0	0	0	0	0	0	28917	0	0
13734	648648	29484	77364	0	0	0	0	0	3276	3276	13104	26838	68796	0
707994	0	32760	80514	0	0	0	0	0	0	0	0	63252	0	0
30681	0	615825	31878	6300	4536	0	97650	18900	1260	23562	0	44541	4662	4725
697536	0	32760	75537	0	0	0	0	0	0	0	0	78687	0	0
153315	2916	27396	493047	8976	180	4944	9600	3264	11772	348	492	71442	492	96336
224028	0	32760	86436	0	0	0	0	0	0	0	0	541296	0	0
737667	0	32760	36540	0	0	0	0	0	0	0	0	77553	0	0
765639	0	32760	50652	0	0	0	0	0	0	0	0	35469	0	0
666792	0	32760	80955	0	0	0	0	0	0	0	0	104013	0	0
771876	0	32760	50085	0	0	0	0	0	0	0	0	29799	0	0
724500	0	32760	73773	0	0	0	0	0	0	0	0	53487	0	0
764883	0	32760	50778	0	0	0	0	0	0	0	0	36099	0	0
780192	0	32760	24696	0	0	0	0	0	0	0	0	46872	0	0
18081	32760	753480	49518	0	0	0	0	0	0	0	0	30681	0	0
759654	32760	0	54495	0	0	0	0	0	0	0	0	37611	0	0
830466	0	0	17388	0	0	0	0	0	0	0	0	36666	0	0
785232	0	65520	12852	0	0	0	0	0	0	0	0	20916	0	0
821205	0	0	56448	0	0	0	0	0	0	0	0	6867	0	0
834624	0	0	47376	0	0	0	0	0	0	0	0	2520	0	0
829017	0	0	47817	0	0	0	0	0	0	0	0	7686	0	0
834750	0	0	46746	0	0	0	0	0	0	0	0	3024	0	0
177030	0	0	87570	0	0	0	0	0	0	0	0	619920	0	0
176904	0	0	86373	0	0	0	0	0	0	0	0	621243	0	0
830844	0	0	51408	0	0	0	0	0	0	0	0	2268	0	0
179550	0	0	61110	0	0	0	0	0	0	0	0	643860	0	0
835884	0	0	47124	0	0	0	0	0	0	0	0	1512	0	0
828576	0	0	47628	0	0	0	0	0	0	0	0	8316	0	0
829962	0	0	45864	0	0	0	0	0	0	0	0	8694	0	0
809865	0	0	71820	0	0	0	0	0	0	0	0	2835	0	0
30114	63720	6615	13797	86958	78624	213192	113400	181440	13797	19656	16038	11871	17928	17370
21042	0	753480	104013	0	0	0	0	0	0	0	0	5985	0	0
802998	0	0	67851	0	0	0	0	0	0	0	0	13671	0	0
856611	0	0	25830	0	0	0	0	0	0	0	0	2079	0	0
196749	0	0	66969	0	0	0	0	0	0	0	0	620802	0	0
775341	0	0	104202	0	0	0	0	0	0	0	0	4977	0	0
856737	0	0	22554	0	0	0	0	0	0	0	0	5229	0	0
771372	0	0	22554	0	0	0	0	0	0	0	0	90594	0	0
5670	360360	491400	21609	0	0	0	0	0	0	0	0	5481	0	0
201537	0	0	41139	0	0	0	0	0	0	0	0	641844	0	0
194328	1782	3825	60420	0	2346	1296	675	54	0	29325	0	587958	2511	0
263466	0	0	51849	0	0	0	0	0	0	0	0	569205	0	0
269829	0	0	88263	0	0	0	0	0	0	0	0	526428	0	0
226107	0	0	63693	0	0	0	0	0	0	0	0	594720	0	0
857304	0	0	25704	0	0	0	0	0	0	0	0	1512	0	0
827127	0	0	29484	0	0	0	0	0	0	0	0	27909	0	0
837900	0	0	45360	0	0	0	0	0	0	0	0	1260	0	0
856548	0	0	26271	0	0	0	0	0	0	0	0	1701	0	0
40767	144456	4140	1269	16992	0	570492	4104	342	3060	0	642	1500	96252	504
856548	0	0	22995	0	0	0	0	0	0	0	0	4977	0	0
830844	0	0	51408	0	0	0	0	0	0	0	0	2268	0	0
857367	0	0	22428	0	0	0	0	0	0	0	0	4725	0	0
856548	0	0	25263	0	0	0	0	0	0	0	0	2709	0	0
857304	0	0	25704	0	0	0	0	0	0	0	0	1512	0	0
177030	0	0	87570	0	0	0	0	0	0	0	0	619920	0	0
827064	0	0	49644	0	0	0	0	0	0	0	0	7812	0	0
75978	0	0	68796	0	0	0	0	0	0	0	0	739746	0	0
163422	0	0	32445	0	0	0	0	0	0	0	0	688653	0	0
768474	0	0	25956	0	0	0	0	0	0	0	0	90090	0	0
768285	0	0	24003	0	0	0	0	0	0	0	0	92232	0	0
840420	0	0	32319	0	0	0	0	0	0	0	0	11781	0	0
859068	0	0	23751	0	0	0	0	0	0	0	0	1701	0	0
856737	0	0	26271	0	0	0	0	0	0	0	0	1512	0	0
857115	0	0	22617	0	0	0	0	0	0	0	0	4788	0	0
853461	0	0	24822	0	0	0	0	0	0	0	0	6237	0	0
812637	0	0	24948	0	0	0	0	0	0	0	0	46935	0	0
95130	0	0	129276	0	0	0	0	0	0	0	0	660114	0	0
855288	0	0	24948	0	0	0	0	0	0	0	0	4284	0	0
857304	0	0	25704	0	0	0	0	0	0	0	0	1512	0	0
193662	0	0	653436	0	0	0	0	0	0	0	0	37422	0	0
834750	0	0	46242	0	0	0	0	0	0	0	0	3528	0	0
882882	0	0	0	0	0	0	0	0	0	0	0	1638	0	0
855225	0	0	24822	0	0	0	0	0	0	0	0	4473	0	0
855036	0	0	27720	0	0	0	0	0	0	0	0	1764	0	0
859446	0	0	24192	0	0	0	0	0	0	0	0	882	0	0
854910	0	0	27279	0	0	0	0	0	0	0	0	2331	0	0
835884	0	0	47124	0	0	0	0	0	0	0	0	1512	0	0
856737	0	0	26019	0	0	0	0	0	0	0	0	1764	0	0
835884	0	0	47124	0	0	0	0	0	0	0	0	1512	0	0
830844	0	0	51408	0	0	0	0	0	0	0	0	2268	0	0
835884	0	0	47124	0	0	0	0	0	0	0	0	1512	0	0
856548	0	0	24318	0	0	0	0	0	0	0	0	3654	0	0
856737	0	0	26019	0	0	0	0	0	0	0	0	1764	0	0
855288	0	0	27405	0	0	0	0	0	0	0	0	1827	0	0
881244	0	0	1638	0	0	0	0	0	0	0	0	1638	0	0
140616	0	0	138096	0	0	0	0	0	0	0	0	605808	0	0
826560	0	0	49329	0	0	0	0	0	0	0	0	8631	0	0
240408	0	0	606942	0	0	0	0	0	0	0	0	37170	0	0
48888	39312	3528	1197	0	628992	0	0	3276	29106	117936	9828	2331	0	126
88452	0	0	144396	0	0	0	0	0	0	0	0	651672	0	0
699426	0	0	174510	0	0	0	0	0	0	0	0	10584	0	0
68166	753480	0	51093	0	0	0	0	0	0	0	0	11781	0	0
835884	0	0	47124	0	0	0	0	0	0	0	0	1512	0	0
4032	615825	0	42714	2142	4284	26775	0	0	378	756	8694	2520	176400	0
822402	0	0	57519	0	0	0	0	0	0	0	0	4599	0	0
197316	0	0	672714	0	0	0	0	0	0	0	0	14490	0	0
820008	0	0	63504	0	0	0	0	0	0	0	0	1008	0	0
820575	0	0	60732	0	0	0	0	0	0	0	0	3213	0	0
120141	0	0	55125	0	0	0	0	0	0	0	0	709254	0	0
825678	0	0	54810	0	0	0	0	0	0	0	0	4032	0	0
820008	0	0	63504	0	0	0	0	0	0	0	0	1008	0	0
84393	6192	43416	260526	388824	32688	0	0	31404	0	0	6192	30885	0	0
737100	0	0	137592	0	0	0	0	0	0	0	0	9828	0	0
98280	0	0	55692	0	0	0	0	88452	0	0	0	642096	0	0
39564	3276	0	1386	0	55692	3276	0	40950	0	0	737100	0	3276	0
127764	0	0	725382	0	0	0	0	0	0	0	0	31374	0	0
2772	0	127764	756	55692	0	0	668304	27846	0	0	0	1386	0	0
853839	0	0	504	0	0	0	0	0	0	0	0	30177	0	0
878094	0	0	1260	0	0	0	0	0	0	0	0	5166	0	0
853020	0	0	10080	0	0	0	0	0	0	0	0	21420	0	0
853020	0	0	0	0	0	0	0	0	0	0	0	31500	0	0
853020	0	0	0	0	0	0	0	0	0	0	0	31500	0	0
851760	0	0	0	0	0	0	0	0	0	0	0	32760	0	0
819000	0	0	32760	0	0	0	0	0	0	0	0	32760	0	0
1638	0	819000	3276	0	0	0	0	0	0	0	0	60606	0	0
1638	819000	32760	0	0	0	0	0	0	0	0	0	31122	0	0
122877	0	730080	441	0	0	0	0	0	0	0	0	31122	0	0
3717	766584	0	378	0	0	85176	0	3276	0	0	0	25389	0	0
756441	0	0	35532	0	0	0	0	0	0	0	0	92547	0	0
856044	0	0	504	0	0	0	0	0	0	0	0	27972	0	0
813960	0	0	42903	0	0	0	0	0	0	0	0	27657	0	0
796257	0	0	61551	0	0	0	0	0	0	0	0	26712	0	0
187740	0	0	642096	0	0	0	0	0	0	0	0	54684	0	0
779940	0	0	44226	0	0	0	0	0	0	0	0	60354	0	0
783153	0	0	45612	0	0	0	0	0	0	0	0	55755	0	0
285768	0	0	23814	0	0	0	0	0	0	0	0	574938	0	0
264978	0	0	596610	0	0	0	0	0	0	0	0	22932	0	0
858690	0	0	2331	0	0	0	0	0	0	0	0	23499	0	0
858060	0	0	2709	0	0	0	0	0	0	0	0	23751	0	0
872046	0	0	4662	0	0	0	0	0	0	0	0	7812	0	0
206451	0	0	303471	0	0	0	0	0	0	0	0	374598	0	0
148050	0	0	9891	0	0	0	0	0	0	0	0	726579	0	0
825741	0	0	1638	0	0	0	0	0	0	0	0	57141	0	0
825867	0	0	5922	0	0	0	0	0	0	0	0	52731	0	0
771120	65520	32760	0	0	0	0	0	0	0	0	0	15120	0	0
822591	32760	0	2772	0	0	0	0	0	0	0	0	26397	0	0
831852	0	0	1953	0	0	0	0	0	0	0	0	50715	0	0
826686	0	0	49392	0	0	0	0	0	0	0	0	8442	0	0
860643	0	0	22554	0	0	0	0	0	0	0	0	1323	0	0
827694	0	0	29421	0	0	0	0	0	0	0	0	27405	0	0
36099	32760	786240	4095	0	0	0	0	0	0	0	0	25326	0	0
247086	0	0	75663	0	0	0	0	0	0	0	0	561771	0	0
853965	0	0	4725	0	0	0	0	0	0	0	0	25830	0	0
853713	0	0	26838	0	0	0	0	0	0	0	0	3969	0	0
854154	0	0	2394	0	0	0	0	0	0	0	0	27972	0	0
497115	0	24336	162681	0	0	0	0	312	8112	0	312	183540	0	8112
878976	0	0	1134	0	0	0	0	0	0	0	0	4410	0	0
854532	0	0	2898	0	0	0	0	0	0	0	0	27090	0	0
311472	0	0	16128	0	0	0	0	0	0	0	0	556920	0	0
851949	0	0	7812	0	0	0	0	0	0	0	0	24759	0	0
722799	0	0	5166	0	0	0	0	0	0	0	0	156555	0	0
310905	0	0	535311	0	0	0	0	0	0	0	0	38304	0	0
313299	0	0	13230	0	0	0	0	0	0	0	0	557991	0	0
768663	0	0	88830	0	0	0	0	0	0	0	0	27027	0	0
31059	0	737100	4536	0	0	0	0	6552	0	0	0	23373	0	81900
45360	0	786240	24570	0	0	0	0	0	0	0	0	28350	0	0
855351	0	0	2898	0	0	0	0	0	0	0	0	26271	0	0
854469	0	0	4095	0	0	0	0	0	0	0	0	25956	0	0
855351	0	0	3339	0	0	0	0	0	0	0	0	25830	0	0
854280	0	0	4221	0	0	0	0	0	0	0	0	26019	0	0
170478	32760	0	568386	0	0	0	0	0	0	0	0	112896	0	0
878976	0	0	1134	0	0	0	0	0	0	0	0	4410	0	0
852957	0	0	1260	0	0	0	0	0	0	0	0	30303	0	0
856674	0	0	2205	0	0	0	0	0	0	0	0	25641	0	0
852768	0	0	2457	0	0	0	0	0	0	0	0	29295	0	0
853839	0	0	504	0	0	0	0	0	0	0	0	30177	0	0
851508	0	0	3402	0	0	0	0	0	0	0	0	29610	0	0
792666	0	0	55818	0	0	0	0	0	0	0	0	36036	0	0
878976	0	0	1134	0	0	0	0	0	0	0	0	4410	0	0
87444	0	0	378	0	0	0	0	0	0	0	796068	630	0	0
222768	0	0	4095	0	0	0	0	0	0	0	0	657657	0	0
853965	0	0	20412	0	0	0	0	0	0	0	0	10143	0	0
188433	0	0	7686	0	0	0	0	0	0	0	0	688401	0	0
878976	0	0	1134	0	0	0	0	0	0	0	0	4410	0	0
171234	0	0	682353	0	0	0	0	0	0	0	0	30933	0	0
794430	0	0	31122	0	0	0	0	0	0	0	0	58968	0	0
712044	6864	312	28362	0	0	27456	1248	4992	0	0	0	103242	0	0
852768	0	0	2457	0	0	0	0	0	0	0	0	29295	0	0
816039	0	0	34713	0	0	0	0	0	0	0	0	33768	0	0
196812	0	0	629874	0	0	0	0	0	0	0	0	57834	0	0
224406	0	0	630567	0	0	0	0	0	0	0	0	29547	0	0
796068	0	0	57267	0	0	0	0	0	0	0	0	31185	0	0
96327	0	0	672462	0	0	0	0	0	0	0	0	115731	0	0
315	6552	163800	2457	0	0	0	0	0	655200	0	26208	3780	26208	0
799470	0	0	28098	0	0	0	0	0	0	0	0	56952	0	0
819063	0	0	378	0	34020	0	0	0	0	0	0	31059	0	0
850500	0	0	0	0	34020	0	0	0	0	0	0	0	0	0
884520	0	0	0	0	0	0	0	0	0	0	0	0	0	0
180306	0	0	10206	0	0	0	0	0	0	0	0	694008	0	0
884520	0	0	0	0	0	0	0	0	0	0	0	0	0	0
0	129276	0	0	0	0	6804	0	0	0	0	0	0	748440	0
884520	0	0	0	0	0	0	0	0	0	0	0	0	0	0
884520	0	0	0	0	0	0	0	0	0	0	0	0	0	0
884520	0	0	0	0	0	0	0	0	0	0	0	0	0	0
853020	0	0	0	0	0	0	0	0	0	0	0	31500	0	0
0	0	68040	0	0	0	0	0	0	62937	0	0	0	0	753543
0	0	884520	0	0	0	0	0	0	0	0	0	0	0	0
412776	0	0	298116	0	0	0	0	0	0	0	0	173628	0	0
6426	0	819000	58590	0	0	0	0	0	0	0	0	504	0	0
884520	0	0	0	0	0	0	0	0	0	0	0	0	0	0
881244	0	0	3276	0	0	0	0	0	0	0	0	0	0	0
243243	0	0	64638	0	34020	0	0	0	0	0	0	542619	0	0
850500	0	0	0	0	34020	0	0	0	0	0	0	0	0	0
751212	0	0	91791	0	34020	0	0	0	0	0	0	7497	0	0
850500	0	0	0	0	34020	0	0	0	0	0	0	0	0	0
850500	0	0	0	0	34020	0	0	0	0	0	0	0	0	0
0	850500	0	0	0	0	0	0	0	0	0	0	0	34020	0
829143	0	0	1953	0	34020	0	0	0	0	0	0	19404	0	0
850500	0	0	12960	21060	0	0	0	0	0	0	0	0	0	0
746298	0	0	47250	0	34020	0	0	0	0	0	0	56952	0	0
798462	0	31500	1134	0	32760	0	0	0	0	900	360	19404	0	0
778050	234	29925	0	225	31122	78	75	40953	960	0	288	9	1326	1275
303030	312	29925	22932	300	31122	0	0	40950	180	60	1008	452100	1326	1275
172683	546	29925	386715	750	31131	858	858	40950	627	171	399	218673	234	0
519858	11505	42168	0	3600	94500	10362	1440	173310	5256	540	2520	192	9693	9576
642852	4608	51408	0	3024	53550	4374	6048	113400	0	2856	1428	0	972	0
642600	7119	51660	0	0	53550	891	6048	113400	1428	2856	0	0	1944	3024
567000	4932	51660	0	0	53550	1377	6048	113400	1428	2856	0	75600	3645	3024
567006	768	59886	102375	150	29925	243	2100	39375	684	1596	114	78750	648	900
748125	1491	59898	0	0	29925	0	1950	39375	912	1482	0	0	162	1200
748125	0	63000	0	0	31500	0	0	0	960	960	600	39375	0	0
765135	0	63000	21735	0	31500	0	0	0	960	1080	480	630	0	0
20349	0	819000	9576	0	1260	0	0	0	780	30960	1020	1575	0	0
573750	23250	16500	39375	27165	4860	750	1335	9375	0	0	0	187500	0	660
0	0	884520	0	0	0	0	0	0	0	0	0	0	0	0
175266	0	65520	567693	0	0	0	0	0	0	0	0	76041	0	0
0	819000	65520	0	0	0	0	0	0	0	0	0	0	0	0
845520	31200	7800	0	0	0	0	0	0	0	0	0	0	0	0
1386	199584	16128	252	0	24192	12096	0	504	48384	0	0	378	580608	1008
760500	29640	12480	78624	0	0	0	0	0	0	0	0	3276	0	0
707616	0	98280	75348	0	0	0	0	0	0	0	0	3276	0	0
734136	31200	40560	78624	0	0	0	0	0	0	0	0	0	0	0
853320	17160	14040	0	0	0	0	0	0	0	0	0	0	0	0
32760	0	851760	0	0	0	0	0	0	0	0	0	0	0	0
85428	0	98280	697788	0	0	0	0	0	0	0	0	3024	0	0
133056	0	98280	6048	0	0	0	0	0	0	0	0	647136	0	0
674226	0	163800	35910	0	0	0	0	0	0	0	0	10584	0	0
691236	0	98280	63063	0	0	0	0	0	0	0	0	31941	0	0
8757	0	98280	74214	0	0	0	0	0	0	0	0	703269	0	0
395010	0	98280	270837	0	0	0	0	0	0	0	0	120393	0	0
0	0	0	0	27846	0	37107	245511	2394	40446	1953	126	0	0	529137
63	0	42588	567	0	0	0	715806	31122	0	0	0	1008	0	93366
753669	0	98280	378	0	0	0	0	0	0	0	0	32193	0	0
769860	4680	28080	52416	0	0	0	0	0	0	0	0	29484	0	0
707616	0	98280	78624	0	0	0	0	0	0	0	0	0	0	0
707616	0	98280	75348	0	0	0	0	0	0	0	0	3276	0	0
881244	0	0	3276	0	0	0	0	0	0	0	0	0	0	0
810810	0	0	63882	0	0	0	0	0	0	0	0	9828	0	0
339066	0	0	51786	0	0	0	0	0	0	0	0	493668	0	0
823536	0	0	58338	0	0	0	0	0	0	0	0	2646	0	0
882	231462	1638	126	0	40950	95193	882	882	0	40950	0	630	470925	0
812196	0	0	57582	0	0	0	0	0	0	0	0	14742	0	0
1638	81648	50400	945	0	48384	0	6300	504	6300	686448	504	1449	0	0
76104	12096	50400	77742	12600	48384	0	0	1008	0	0	604800	1386	0	0
819126	0	0	52290	0	0	0	0	0	0	0	0	13104	0	0
796068	0	0	0	0	0	0	0	0	0	0	0	88452	0	0
884520	0	0	0	0	0	0	0	0	0	0	0	0	0	0
285768	0	0	23814	0	0	0	0	0	0	0	0	574938	0	0
63	0	55692	315	25704	0	0	21168	126	88200	0	252	1764	0	691236
2898	435708	373464	26712	4914	0	22932	13104	1638	0	0	0	1512	0	1638
752724	0	65520	63378	0	0	0	0	0	0	0	0	2898	0	0
756630	0	65520	20412	0	0	0	0	0	0	0	0	41958	0	0
633339	0	196560	52353	0	0	0	0	0	0	0	0	2268	0	0
824418	0	32760	23436	0	0	0	0	0	0	0	0	3906	0	0
843045	9360	1560	9639	0	0	0	0	0	0	0	0	20916	0	0
3150	32760	819000	25452	0	0	0	0	0	0	0	0	4158	0	0
827568	0	0	49896	0	0	0	0	0	0	0	0	7056	0	0
1701	85050	0	25515	0	680400	0	0	3402	0	85050	3402	0	0	0
315	3150	104832	0	85176	22050	3150	0	252	658476	3150	126	567	0	3276
114660	0	0	709506	0	0	0	0	0	0	0	0	60354	0	0
761481	0	0	64071	0	0	0	0	0	0	0	0	58968	0	0
817236	0	0	44982	0	0	0	0	0	0	0	0	22302	0	0
762237	0	0	69804	0	0	0	0	0	0	0	0	52479	0	0
808290	0	0	66402	0	0	0	0	0	0	0	0	9828	0	0
809172	0	0	67158	0	0	0	0	0	0	0	0	8190	0	0
88452	0	0	29484	0	0	0	0	0	0	0	0	766584	0	0
88452	0	0	29484	0	0	0	0	0	0	0	0	766584	0	0
773136	0	0	29484	0	0	0	0	0	0	0	0	81900	0	0
103194	196560	556920	27846	0	0	0	0	0	0	0	0	0	0	0
881244	0	0	1638	0	0	0	0	0	0	0	0	1638	0	0
820260	0	0	32760	0	0	0	0	0	0	0	0	31500	0	0
844956	0	0	37863	0	0	0	0	0	0	0	0	1701	0	0
881244	0	0	3276	0	0	0	0	0	0	0	0	0	0	0
881244	0	0	1638	0	0	0	0	0	0	0	0	1638	0	0
881244	0	0	3276	0	0	0	0	0	0	0	0	0	0	0
826056	0	0	26208	0	0	0	0	0	0	0	0	32256	0	0
881244	0	0	3276	0	0	0	0	0	0	0	0	0	0	0
699426	0	0	174510	0	0	0	0	0	0	0	0	10584	0	0
33579	0	819000	28413	0	0	0	0	0	0	0	0	3528	0	0
155484	0	0	58779	0	0	0	0	0	0	0	0	670257	0	0
771687	0	0	27342	0	0	0	0	0	0	0	0	85491	0	0
772128	0	0	27090	0	0	0	0	0	0	0	0	85302	0	0
3087	75600	53424	2772	252	48384	75600	11844	4032	24192	556416	24192	1197	0	3528
798588	0	0	45423	0	0	0	0	0	0	0	0	40509	0	0
826686	0	0	27594	0	0	0	0	0	0	0	0	30240	0	0
8442	39312	630	5796	189	368550	85176	378	19278	2142	40950	26271	1953	285012	441
822654	0	0	28098	0	0	0	0	0	0	0	0	33768	0	0
828009	0	0	25641	0	0	0	0	0	0	0	0	30870	0	0
825363	0	0	29232	0	0	0	0	0	0	0	0	29925	0	0
824544	0	0	27405	0	0	0	0	0	0	0	0	32571	0	0
834750	0	0	46242	0	0	0	0	0	0	0	0	3528	0	0
857367	0	0	22428	0	0	0	0	0	0	0	0	4725	0	0
827064	0	0	49644	0	0	0	0	0	0	0	0	7812	0	0
822024	0	0	54306	0	0	0	0	0	0	0	0	8190	0	0
802620	0	0	30996	0	0	0	0	0	0	0	0	50904	0	0
189	210357	0	315	567	13608	183519	630	630	0	1512	63	63	473004	63
271908	556920	32760	21231	0	0	0	0	0	0	0	0	1701	0	0
744210	117000	0	21798	0	0	0	0	0	0	0	0	1512	0	0
854280	0	0	21987	0	0	0	0	0	0	0	0	8253	0	0
827064	0	0	49644	0	0	0	0	0	0	0	0	7812	0	0
857367	0	0	25452	0	0	0	0	0	0	0	0	1701	0	0
196560	11025	20412	0	11466	0	0	441	0	1701	20475	532350	90090	0	0
201600	0	32760	8190	0	0	0	0	0	0	0	0	641970	0	0
0	15750	124110	1701	0	189	3150	567000	26775	1008	7560	0	3024	4851	129402
23373	189000	18585	5229	315	567000	0	0	7560	47250	0	23625	1953	0	630
171612	20475	43974	121023	77112	102816	18648	9072	57456	11466	6048	28728	195741	5733	14616
0	0	309582	0	180180	0	0	178542	0	0	0	0	0	0	216216
796068	0	0	88452	0	0	0	0	0	0	0	0	0	0	0
796068	0	0	88452	0	0	0	0	0	0	0	0	0	0	0
796068	0	0	88452	0	0	0	0	0	0	0	0	0	0	0
29673	0	786240	47754	0	0	0	0	0	0	0	0	20853	0	0
881244	0	0	3276	0	0	0	0	0	0	0	0	0	0	0
0	0	176904	0	52416	0	0	0	0	0	0	0	0	0	655200
841743	0	0	37548	0	0	0	0	0	0	0	0	5229	0	0
20160	163296	0	4536	0	680400	6804	0	6804	0	0	0	2520	0	0
706860	0	98280	75600	0	0	0	0	0	0	0	0	3780	0	0
23562	88452	619164	51786	0	0	0	0	0	68796	0	9828	13104	9828	0
11781	14175	19656	86625	4536	61425	0	0	1134	1512	4725	642789	17451	14175	4536
122283	0	0	62748	0	0	0	0	0	0	0	0	699489	0	0
32760	0	851760	0	0	0	0	0	0	0	0	0	0	0	0
835884	0	0	47124	0	0	0	0	0	0	0	0	1512	0	0
884520	0	0	0	0	0	0	0	0	0	0	0	0	0	0
180306	0	0	10206	0	0	0	0	0	0	0	0	694008	0	0
17010	3402	20412	0	425250	0	0	85050	0	7938	378	1890	0	0	323190
115668	0	0	88074	0	0	0	0	0	0	0	0	680778	0	0
188244	0	0	7938	0	0	0	0	0	0	0	0	688338	0	0
837900	0	0	45360	0	0	0	0	0	0	0	0	1260	0	0
796068	0	0	88452	0	0	0	0	0	0	0	0	0	0	0
136080	0	0	18144	0	0	0	0	0	0	0	0	730296	0	0
837900	0	0	45360	0	0	0	0	0	0	0	0	1260	0	0
826056	0	0	55692	0	0	0	0	0	0	0	0	2772	0	0
823095	0	0	48447	0	0	0	0	0	0	0	0	12978	0	0
186480	0	0	106155	0	0	0	0	0	0	0	0	591885	0	0
858942	0	0	20160	0	0	0	0	0	0	0	0	5418	0	0
728784	0	0	128835	0	0	0	0	0	0	0	0	26901	0	0
824796	0	0	54873	0	0	0	0	0	0	0	0	4851	0	0
734832	0	0	127638	0	0	0	0	0	0	0	0	22050	0	0
748125	0	0	133875	0	0	0	0	0	0	0	0	2520	0	0
828891	0	0	47376	0	0	0	0	0	0	0	0	8253	0	0
831348	0	0	51534	0	0	0	0	0	0	0	0	1638	0	0
378	2898	59850	0	0	47250	252	0	378	751275	6300	252	1512	6300	7875
8820	819000	0	54936	0	0	0	0	0	0	0	0	1764	0	0
828639	0	0	48510	0	0	0	0	0	0	0	0	7371	0	0
206892	0	0	58779	0	0	0	0	0	0	0	0	618849	0	0
717318	29484	0	47502	0	0	0	0	0	0	3276	85176	1764	0	0
797013	0	0	77805	0	0	0	0	0	0	0	0	9702	0	0
735840	0	0	59976	0	0	0	0	0	0	0	0	88704	0	0
382431	930	864	247257	42	12024	354	174	240	0	10368	0	213672	16164	0
77364	92610	81270	1386	68040	6300	158760	90720	226800	1890	2520	1890	2520	4410	68040
192024	0	32760	25074	0	0	0	0	0	0	0	0	634662	0	0
717444	0	32760	124488	0	0	0	0	0	0	0	0	9828	0	0
277830	0	556920	48510	0	0	0	0	0	0	0	0	1260	0	0
151956	0	32760	132048	0	0	0	0	0	0	0	0	567756	0	0
0	0	49140	63	47250	0	0	6300	252	62559	0	378	1827	0	716751
42588	0	786240	49140	0	0	0	0	0	0	0	0	6552	0	0
0	0	176904	0	22932	0	0	0	0	88452	0	0	0	0	596232
257418	0	0	24948	0	0	0	0	0	0	0	0	602154	0	0
250362	0	0	30240	0	0	0	0	0	0	0	0	603918	0	0
153720	29484	0	3528	0	68796	0	0	0	0	0	550368	78624	0	0
749952	0	0	23814	0	0	0	0	0	0	0	88452	22302	0	0
787968	33696	1404	30021	0	0	3744	156	312	0	0	0	27219	0	0
45045	786240	0	24318	0	0	0	0	0	0	0	0	28917	0	0
354438	0	0	443772	0	0	0	0	0	0	0	0	86310	0	0
301833	0	0	47691	0	0	0	0	0	0	0	0	534996	0	0
285579	0	0	555093	0	0	0	0	0	0	0	0	43848	0	0
25641	707616	29484	9324	0	0	78624	0	6552	0	0	0	24003	0	3276
276822	0	0	53928	0	0	0	0	0	0	0	0	553770	0	0
831033	0	0	24129	0	0	0	0	0	0	0	0	29358	0	0
783279	0	0	21798	0	0	0	0	0	0	0	0	79443	0	0
19017	72000	46080	6363	480	69120	3600	10584	1728	0	506880	51552	28260	68400	456
691551	0	0	150948	0	0	0	0	0	0	0	0	42021	0	0
129339	0	0	104391	0	0	0	0	0	0	0	0	650790	0	0
763749	0	0	81459	0	0	0	0	0	0	0	0	39312	0	0
49833	0	720720	80199	0	0	0	0	0	0	0	0	33768	0	0
746928	0	0	126126	0	0	0	0	0	0	0	0	11466	0	0
45738	0	715806	5166	37674	0	0	0	6552	0	0	0	73584	0	0
126	0	52290	315	112392	189	3024	21042	7056	54054	567	1323	0	0	632142
771057	0	0	61299	0	0	0	0	0	0	0	0	52164	0	0
772569	0	0	69363	0	0	0	0	0	0	0	0	42588	0	0
824103	0	0	23625	0	0	0	0	0	0	0	0	36792	0	0
108297	0	32760	32697	0	0	0	0	0	0	0	0	710766	0	0
421155	0	32760	228816	0	0	0	0	0	0	0	0	201789	0	0
595917	65520	163800	25200	0	0	0	0	0	0	0	0	34083	0	0
105336	0	32760	94689	0	0	0	0	0	0	0	0	651735	0	0
742446	79560	4680	26901	0	0	0	0	0	0	0	0	30933	0	0
13608	0	786240	55692	0	0	0	0	0	0	0	0	28980	0	0
30933	108864	76608	0	2520	24192	6048	504	504	193536	24192	120960	1323	290304	4032
378	0	172683	315	20475	0	0	6426	126	62622	0	315	126	0	621054
689283	0	0	62307	0	0	0	0	0	0	0	0	132930	0	0
0	63	299313	0	9450	378	378	11025	0	21294	441	0	0	0	542178
152523	0	0	723492	0	0	0	0	0	0	0	0	8505	0	0
237195	0	0	615321	0	0	0	0	0	0	0	0	32004	0	0
878535	0	0	4788	0	0	0	0	0	0	0	0	1197	0	0
815724	0	0	65205	0	0	0	0	0	0	0	0	3591	0	0
133119	0	0	737289	0	0	0	0	0	0	0	0	14112	0	0
156366	0	0	722988	0	0	0	0	0	0	0	0	5166	0	0
859698	0	0	15057	0	0	0	0	0	0	0	0	9765	0	0
739179	0	0	107541	0	0	0	0	0	0	0	0	37800	0	0
155673	0	0	32382	0	0	0	0	0	0	0	0	696465	0	0
856800	0	0	27027	0	0	0	0	0	0	0	0	693	0	0
114723	0	0	110565	0	0	0	0	0	0	0	0	659232	0	0
82215	753480	0	48069	0	0	0	0	0	0	0	0	756	0	0
852138	0	0	25074	0	0	0	0	0	0	0	0	7308	0	0
881244	0	0	1638	0	0	0	0	0	0	0	0	1638	0	0
881244	0	0	3276	0	0	0	0	0	0	0	0	0	0	0
881244	0	0	3276	0	0	0	0	0	0	0	0	0	0	0
365274	32760	0	6552	0	0	0	0	0	0	0	0	479934	0	0
0	9072	235872	0	0	19656	3276	81900	0	530712	0	0	0	756	3276
116298	0	0	129402	0	0	0	0	0	0	0	0	638820	0	0
245700	26208	0	81900	0	19656	0	0	0	0	0	491400	0	19656	0
288288	0	0	573300	0	0	0	0	0	0	0	0	22932	0	0
884520	0	0	0	0	0	0	0	0	0	0	0	0	0	0
882882	0	0	0	0	0	0	0	0	0	0	0	1638	0	0
255150	0	0	619164	0	0	0	0	0	0	0	0	10206	0	0
796068	0	0	88452	0	0	0	0	0	0	0	0	0	0	0
126630	0	0	80388	0	0	0	0	0	0	0	0	677502	0	0
881244	0	0	3276	0	0	0	0	0	0	0	0	0	0	0
634725	0	0	13734	0	0	0	0	0	0	0	0	236061	0	0
215964	0	0	641025	0	0	0	0	0	0	0	0	27531	0	0
117180	0	0	737856	0	0	0	0	0	0	0	0	29484	0	0
859446	0	0	24192	0	0	0	0	0	0	0	0	882	0	0
822024	0	32760	28350	0	0	0	0	0	0	0	0	1386	0	0
805140	0	32760	38430	0	0	0	0	0	0	0	0	8190	0	0
674667	0	163800	34713	0	0	0	0	0	0	0	0	11340	0	0
208908	0	32760	15687	0	0	0	0	0	0	0	0	627165	0	0
19278	0	678132	74466	0	0	0	0	13104	0	0	0	24192	0	75348
800163	0	0	49203	0	0	0	0	0	0	0	0	35154	0	0
772569	0	0	69363	0	0	0	0	0	0	0	0	42588	0	0
116487	0	0	699111	0	0	0	0	0	0	0	0	68922	0	0
807786	0	0	48321	0	0	0	0	0	0	0	0	28413	0	0
743652	0	0	104832	0	0	0	0	0	0	0	0	36036	0	0
218547	0	0	25452	0	0	0	0	0	0	0	0	640521	0	0
825552	0	0	29358	0	0	0	0	0	0	0	0	29610	0	0
820323	0	0	30114	0	0	0	0	0	0	0	0	34083	0	0
826938	0	0	24570	0	0	0	0	0	0	0	0	33012	0	0
752409	0	0	101178	0	0	0	0	0	0	0	0	30933	0	0
173754	0	0	597618	0	0	0	0	0	0	0	88452	24696	0	0
825930	0	0	25767	0	0	0	0	0	0	0	0	32823	0	0
204939	0	131040	78183	0	0	0	0	0	0	0	0	470358	0	0
707052	0	124800	23688	0	0	0	0	0	0	0	0	28980	0	0
4212	244296	16848	0	0	21294	0	0	0	39312	42588	9828	0	506142	0
343980	0	491400	39312	0	0	0	0	0	0	0	0	9828	0	0
19782	65520	720720	76923	0	0	0	0	0	0	0	0	1575	0	0
674415	0	163800	44415	0	0	0	0	0	0	0	0	1890	0	0
126945	98280	622440	35091	0	0	0	0	0	0	0	0	1764	0	0
791658	0	32760	30744	0	0	0	0	0	0	0	0	29358	0	0
73710	687960	65520	21924	0	0	0	0	0	0	0	0	35406	0	0
813960	0	0	42903	0	0	0	0	0	0	0	0	27657	0	0
830088	0	0	4788	0	0	0	0	0	0	0	0	49644	0	0
725508	32760	98280	26712	0	0	0	0	0	0	0	0	1260	0	0
857304	0	0	25704	0	0	0	0	0	0	0	0	1512	0	0
178542	0	0	694638	0	0	0	0	0	0	0	0	11340	0	0
830844	0	0	51408	0	0	0	0	0	0	0	0	2268	0	0
834624	0	0	47376	0	0	0	0	0	0	0	0	2520	0	0
768096	0	0	111825	0	0	0	0	0	0	0	0	4599	0	0
847413	0	0	32886	0	0	0	0	0	0	0	0	4221	0	0
852894	0	0	1008	0	0	0	0	0	0	0	0	30618	0	0
852579	0	0	252	0	0	0	0	0	0	0	0	31689	0	0
149688	0	0	716688	0	0	0	0	0	0	0	0	18144	0	0
3087	154098	0	2016	0	756	652050	0	52164	0	0	0	693	19656	0
853839	0	0	2898	0	0	0	0	0	0	0	0	27783	0	0
796950	0	32760	26460	0	0	0	0	0	0	0	0	28350	0	0
793170	0	32760	52164	0	0	0	0	0	0	0	0	6426	0	0
4347	0	281610	2394	1764	0	0	756	9072	384804	0	30240	14427	0	155106
822087	0	32760	630	0	0	0	0	0	0	0	0	29043	0	0
3213	29484	737100	6615	72072	0	3276	0	3276	0	0	0	19656	0	9828
822213	0	32760	1197	0	0	0	0	0	0	0	0	28350	0	0
740754	0	32760	315	0	0	0	0	0	0	0	0	110691	0	0
822591	0	32760	1071	0	0	0	0	0	0	0	0	28098	0	0
533673	0	32760	210861	0	0	0	0	0	0	0	0	107226	0	0
822213	0	32760	2961	0	0	0	0	0	0	0	0	26586	0	0
822591	0	32760	1827	0	0	0	0	0	0	0	0	27342	0	0
4977	98280	753480	1386	0	0	0	0	0	0	0	0	26397	0	0
253386	0	32760	65520	0	0	0	0	0	0	0	0	532854	0	0
821457	0	32760	5292	0	0	0	0	0	0	0	0	25011	0	0
146412	0	32760	50274	0	0	0	0	0	0	0	0	655074	0	0
749511	0	32760	74970	0	0	0	0	0	0	0	0	27279	0	0
210987	0	32760	600831	0	0	0	0	0	0	0	0	39942	0	0
0	252	6552	0	696150	0	21546	8820	1260	22932	0	0	0	882	126126
821331	26520	6240	1953	0	0	0	0	0	0	0	0	28476	0	0
776979	0	32760	46368	0	0	0	0	0	0	0	0	28413	0	0
167643	0	32760	167958	0	0	0	0	0	0	0	0	516159	0	0
35910	753480	32760	9261	0	0	0	0	0	0	0	0	53109	0	0
739998	0	32760	79632	0	0	0	0	0	0	0	0	32130	0	0
755811	0	32760	66213	0	0	0	0	0	0	0	0	29736	0	0
741069	0	32760	65646	0	0	0	0	0	0	0	0	45045	0	0
32760	0	851760	0	0	0	0	0	0	0	0	0	0	0	0
32760	0	851760	0	0	0	0	0	0	0	0	0	0	0	0
32760	0	851760	0	0	0	0	0	0	0	0	0	0	0	0
0	0	884520	0	0	0	0	0	0	0	0	0	0	0	0
288288	0	0	573300	0	0	0	0	0	0	0	0	22932	0	0
196308	0	0	680463	0	0	0	0	0	0	0	0	7749	0	0
830844	0	0	51408	0	0	0	0	0	0	0	0	2268	0	0
15750	262080	556920	48636	0	0	0	0	0	0	0	0	1134	0	0
3150	32760	819000	25452	0	0	0	0	0	0	0	0	4158	0	0
188244	0	0	12852	0	0	0	0	0	0	0	0	683424	0	0
24885	786240	0	71127	0	0	0	0	0	0	0	0	2268	0	0
831411	0	0	22995	0	0	0	0	0	0	0	0	30114	0	0
815283	0	0	65961	0	0	0	0	0	0	0	0	3276	0	0
775593	0	0	86058	0	0	0	0	0	0	0	0	22869	0	0
148428	622440	0	88452	0	0	0	0	0	0	0	0	25200	0	0
772002	0	0	107793	0	0	0	0	0	0	0	0	4725	0	0
791847	0	0	86877	0	0	0	0	0	0	0	0	5796	0	0
153405	0	0	723366	0	0	0	0	0	0	0	0	7749	0	0
878535	0	0	4788	0	0	0	0	0	0	0	0	1197	0	0
68985	0	0	776097	0	0	0	0	0	0	0	0	39438	0	0
742203	0	0	112266	0	0	0	0	0	0	0	0	30051	0	0
262647	0	0	588231	0	0	0	0	0	0	0	0	33642	0	0
167517	0	0	677817	0	0	0	0	0	0	0	0	39186	0	0
173628	0	0	395136	0	0	0	0	0	0	0	0	315756	0	0
58212	0	0	153090	0	0	0	0	0	0	0	0	673218	0	0
746676	0	0	25452	0	0	0	0	0	0	0	0	112392	0	0
858186	0	0	21735	0	0	0	0	0	0	0	0	4599	0	0
154476	0	0	663264	0	0	0	0	0	0	0	0	66780	0	0
856485	0	0	24570	0	0	0	0	0	0	0	0	3465	0	0
0	9828	122850	0	0	0	49140	0	0	81900	0	0	0	6552	614250
884520	0	0	0	0	0	0	0	0	0	0	0	0	0	0
884520	0	0	0	0	0	0	0	0	0	0	0	0	0	0
858186	0	0	22680	0	0	0	0	0	0	0	0	3654	0	0
180306	0	0	10206	0	0	0	0	0	0	0	0	694008	0	0
88200	0	0	115920	0	0	0	0	0	0	0	0	680400	0	0
884520	0	0	0	0	0	0	0	0	0	0	0	0	0	0
884520	0	0	0	0	0	0	0	0	0	0	0	0	0	0
0	0	884520	0	0	0	0	0	0	0	0	0	0	0	0
0	81900	30366	0	0	0	0	3276	0	31752	737100	0	0	0	126
1386	32760	819000	1260	0	0	0	0	0	0	0	0	30114	0	0
737982	0	0	3402	0	0	0	0	0	0	0	0	143136	0	0
822402	0	0	3150	0	0	0	0	0	0	0	0	58968	0	0
171360	0	0	659988	0	0	0	0	0	0	0	0	53172	0	0
81900	0	0	2394	0	0	0	0	0	0	0	0	800226	0	0
4842	1404	16848	13500	162	540	6480	486	2754	580608	50976	13824	108720	4320	79056
158934	28080	3120	631890	0	0	0	0	0	0	0	0	62496	0	0
791532	0	32760	1638	0	0	0	0	0	0	0	0	58590	0	0
32760	0	851760	0	0	0	0	0	0	0	0	0	0	0	0
740376	0	65520	78624	0	0	0	0	0	0	0	0	0	0	0
791895	32760	31200	3465	0	0	0	0	0	0	0	0	25200	0	0
0	0	884520	0	0	0	0	0	0	0	0	0	0	0	0
65520	589680	229320	0	0	0	0	0	0	0	0	0	0	0	0
796068	0	0	88452	0	0	0	0	0	0	0	0	0	0	0
169659	0	0	19278	0	0	0	0	0	0	0	0	695583	0	0
884520	0	0	0	0	0	0	0	0	0	0	0	0	0	0
0	766584	29484	0	0	3276	0	0	0	3276	81900	0	0	0	0
827568	0	0	49896	0	0	0	0	0	0	0	0	7056	0	0
835884	0	0	47124	0	0	0	0	0	0	0	0	1512	0	0
278775	0	0	31941	0	0	0	0	0	0	0	0	573804	0	0
830844	0	0	51408	0	0	0	0	0	0	0	0	2268	0	0
6615	65520	786240	24822	0	0	0	0	0	0	0	0	1323	0	0
45801	2142	21294	126	551061	504	5355	11088	7056	136332	1512	20979	378	567	80325
161028	0	0	91350	0	0	0	0	0	0	0	0	632142	0	0
859068	0	0	23751	0	0	0	0	0	0	0	0	1701	0	0
856296	0	0	24255	0	0	0	0	0	0	0	0	3969	0	0
26019	0	753480	103446	0	0	0	0	0	0	0	0	1575	0	0
740376	0	65520	78624	0	0	0	0	0	0	0	0	0	0	0
641277	0	163800	75159	0	0	0	0	0	0	0	0	4284	0	0
173250	0	163800	532854	0	0	0	0	0	0	0	0	14616	0	0
547596	0	139230	61614	0	0	0	0	0	24570	0	108108	3402	0	0
1134	179550	69930	819	68040	0	430920	0	0	3150	0	1890	3717	11970	113400
691131	0	120120	71316	0	0	0	0	0	0	0	0	1953	0	0
93240	0	98280	689850	0	0	0	0	0	0	0	0	3150	0	0
3906	18144	153594	3024	0	102816	0	0	1512	591192	0	0	1638	0	8694
727083	0	65520	88263	0	0	0	0	0	0	0	0	3654	0	0
654129	0	65520	80451	0	0	0	0	0	0	0	0	84420	0	0
694260	0	65520	119952	0	0	0	0	0	0	0	0	4788	0	0
15246	8001	8253	26334	10647	50967	20727	6048	20790	53424	214263	353430	0	52542	43848
693	86814	87066	3906	77112	0	334152	0	0	4158	0	1134	1827	4914	282744
774399	26520	0	67284	0	0	0	0	0	0	0	0	16317	0	0
2142	1764	170289	1323	13608	1134	378	49896	24318	42021	1638	630	3087	3906	568386
224973	0	0	166824	0	0	0	0	0	0	0	0	492723	0	0
722358	0	0	49959	0	0	0	0	0	0	0	0	112203	0	0
86625	0	0	759654	0	0	0	0	0	0	0	0	38241	0	0
152334	0	0	3276	0	0	0	0	0	0	0	0	728910	0	0
881244	0	0	3276	0	0	0	0	0	0	0	0	0	0	0
120204	0	16380	79758	49140	0	0	0	614250	0	0	0	4788	0	0
0	766584	29484	0	0	3276	0	0	0	3276	81900	0	0	0	0
881244	0	0	3276	0	0	0	0	0	0	0	0	0	0	0
881244	0	0	1638	0	0	0	0	0	0	0	0	1638	0	0
881244	0	0	3276	0	0	0	0	0	0	0	0	0	0	0
790776	0	0	72009	0	0	0	0	0	0	0	0	21735	0	0
21294	786240	0	49140	0	0	0	0	0	0	0	0	27846	0	0
727272	0	0	152334	0	0	0	0	0	0	0	0	4914	0	0
796068	0	0	49266	0	0	0	0	0	0	0	0	39186	0	0
0	39312	3276	315	55692	62244	668304	0	27846	6552	0	3276	1323	16380	0
79632	26208	7308	79506	0	6552	0	0	655200	252	0	0	4662	0	25200
184590	0	32760	630945	0	0	0	0	0	0	0	0	36225	0	0
7245	0	78624	1323	678132	0	0	0	88452	0	0	0	1260	0	29484
70413	6984	27564	600096	28812	29436	1164	0	70404	3612	3612	10452	28155	1164	2652
92566	2600	23400	27972	0	0	0	0	0	0	0	0	737982	0	0
112392	0	32760	709002	0	0	0	0	0	0	0	0	30366	0	0
821331	0	32760	2583	0	0	0	0	0	0	0	0	27846	0	0
821331	0	32760	2583	0	0	0	0	0	0	0	0	27846	0	0
737289	0	32760	1890	0	0	0	0	0	0	0	0	112581	0	0
